0 info it worked if it ends with ok
1 verbose cli [ '/usr/local/bin/node',
1 verbose cli   '/usr/local/bin/npm',
1 verbose cli   'install',
1 verbose cli   'svgjs',
1 verbose cli   '--savecd',
1 verbose cli   '../' ]
2 info using npm@3.10.8
3 info using node@v6.8.1
4 silly loadCurrentTree Starting
5 silly install loadCurrentTree
6 silly install readLocalPackageData
7 silly fetchPackageMetaData svgjs@^2.3.6
8 silly fetchPackageMetaData ../
9 silly fetchNamedPackageData svgjs
10 silly mapToRegistry name svgjs
11 silly mapToRegistry using default registry
12 silly mapToRegistry registry https://registry.npmjs.org/
13 silly mapToRegistry data Result {
13 silly mapToRegistry   raw: 'svgjs',
13 silly mapToRegistry   scope: null,
13 silly mapToRegistry   escapedName: 'svgjs',
13 silly mapToRegistry   name: 'svgjs',
13 silly mapToRegistry   rawSpec: '',
13 silly mapToRegistry   spec: 'latest',
13 silly mapToRegistry   type: 'tag' }
14 silly mapToRegistry uri https://registry.npmjs.org/svgjs
15 silly fetchOtherPackageData ../
16 silly cache add args [ '../', null ]
17 verbose cache add spec ../
18 silly cache add parsed spec Result {
18 silly cache add   raw: '../',
18 silly cache add   scope: null,
18 silly cache add   escapedName: null,
18 silly cache add   name: null,
18 silly cache add   rawSpec: '../',
18 silly cache add   spec: '/home/senyaak/projects',
18 silly cache add   type: 'local' }
19 verbose request uri https://registry.npmjs.org/svgjs
20 verbose request no auth needed
21 info attempt registry request try #1 at 3:41:11 PM
22 verbose request id 2ac0a9910ee876cb
23 verbose etag W/"580fc75b-11cf6"
24 verbose lastModified Tue, 25 Oct 2016 20:58:03 GMT
25 http request GET https://registry.npmjs.org/svgjs
26 error addLocal Could not install /home/senyaak/projects
27 silly fetchPackageMetaData Error: EISDIR: illegal operation on a directory, read
27 silly fetchPackageMetaData     at Error (native)
27 silly fetchPackageMetaData  error for ../ { Error: EISDIR: illegal operation on a directory, read
27 silly fetchPackageMetaData     at Error (native) errno: -21, code: 'EISDIR', syscall: 'read' }
28 http 304 https://registry.npmjs.org/svgjs
29 verbose headers { date: 'Sat, 03 Dec 2016 20:40:49 GMT',
29 verbose headers   via: '1.1 varnish',
29 verbose headers   'cache-control': 'max-age=300',
29 verbose headers   etag: 'W/"580fc75b-11cf6"',
29 verbose headers   age: '0',
29 verbose headers   connection: 'keep-alive',
29 verbose headers   'x-served-by': 'cache-fra1224-FRA',
29 verbose headers   'x-cache': 'MISS',
29 verbose headers   'x-cache-hits': '0',
29 verbose headers   'x-timer': 'S1480797649.851747,VS0,VE60',
29 verbose headers   vary: 'Accept-Encoding' }
30 silly get cb [ 304,
30 silly get   { date: 'Sat, 03 Dec 2016 20:40:49 GMT',
30 silly get     via: '1.1 varnish',
30 silly get     'cache-control': 'max-age=300',
30 silly get     etag: 'W/"580fc75b-11cf6"',
30 silly get     age: '0',
30 silly get     connection: 'keep-alive',
30 silly get     'x-served-by': 'cache-fra1224-FRA',
30 silly get     'x-cache': 'MISS',
30 silly get     'x-cache-hits': '0',
30 silly get     'x-timer': 'S1480797649.851747,VS0,VE60',
30 silly get     vary: 'Accept-Encoding' } ]
31 verbose etag https://registry.npmjs.org/svgjs from cache
32 verbose get saving svgjs to /home/senyaak/.npm/registry.npmjs.org/svgjs/.cache.json
33 verbose correctMkdir /home/senyaak/.npm correctMkdir not in flight; initializing
34 silly rollbackFailedOptional Starting
35 silly rollbackFailedOptional Finishing
36 silly runTopLevelLifecycles Finishing
37 silly install printInstalled
38 verbose stack Error: EISDIR: illegal operation on a directory, read
38 verbose stack     at Error (native)
39 verbose cwd /home/senyaak/projects/expressComersant
40 error Linux 3.16.0-4-amd64
41 error argv "/usr/local/bin/node" "/usr/local/bin/npm" "install" "svgjs" "--savecd" "../"
42 error node v6.8.1
43 error npm  v3.10.8
44 error code EISDIR
45 error errno -21
46 error syscall read
47 error eisdir EISDIR: illegal operation on a directory, read
48 error eisdir This is most likely not a problem with npm itself
48 error eisdir and is related to npm not being able to find a package.json in
48 error eisdir a package you are trying to install.
49 verbose exit [ -21, true ]
